<?xml version="1.0" encoding="UTF-8"?>
<testsuites name="Logowanie" time="147.857" tests="9" failures="0" errors="0">
   <testsuite name="Logowanie" tests="9" failures="0" errors="0" time="147.857" timestamp="2020-05-01 18:17:57" hostname="Cassiz - 192.168.1.160" id="Test Suites/Logowanie">
      <properties>
         <property name="deviceName" value=""/>
         <property name="devicePlatform" value=""/>
         <property name="logFolder" value="C:\\Users\\Cassiz\\git\\PSTOWebkomunikator_Logowanie\\Reports\\20200501_181751\\Logowanie\\20200501_181751"/>
         <property name="logFiles" value="C:\\Users\\Cassiz\\git\\PSTOWebkomunikator_Logowanie\\Reports\\20200501_181751\\Logowanie\\20200501_181751\\execution0.log"/>
         <property name="attachments" value=""/>
         <property name="hostName" value="Cassiz - 192.168.1.160"/>
         <property name="os" value="Windows 10 64bit"/>
         <property name="katalonVersion" value="7.2.1.1"/>
         <property name="browser" value="Firefox 75.0"/>
         <property name="hostAddress" value="192.168.1.160"/>
         <property name="sessionId" value="c5218beb-dd32-4c82-ab2a-ab9470557125"/>
         <property name="seleniumVersion" value="3.141.59"/>
         <property name="proxyInformation" value="ProxyInformation{proxyOption=NO_PROXY, proxyServerType=HTTP, password=, proxyServerAddress=, proxyServerPort=0, executionList=}"/>
         <property name="platform" value="Windows 10"/>
      </properties>
      <testcase name="Test Cases/L-9" time="24.96" classname="Test Cases/L-9" status="PASSED">
         <system-out><![CDATA[2020-05-01 18:17:58 - [TEST_CASE][PASSED] - Test Cases/L-9: Test Cases/L-9

2020-05-01 18:17:59 - [TEST_STEP][PASSED] - openBrowser(""): Browser is opened with url: ''

2020-05-01 18:17:59 - [MESSAGE][INFO] - Starting 'Firefox' driver

2020-05-01 18:18:00 - [MESSAGE][INFO] - Action delay is set to 0 seconds

2020-05-01 18:18:15 - [MESSAGE][PASSED] - Browser is opened with url: ''

2020-05-01 18:18:15 - [TEST_STEP][PASSED] - navigateToUrl("http://kmg.hcm.pl/testowanie/"): Navigate to 'http://kmg.hcm.pl/testowanie/' successfully

2020-05-01 18:18:17 - [MESSAGE][PASSED] - Navigate to 'http://kmg.hcm.pl/testowanie/' successfully

2020-05-01 18:18:17 - [TEST_STEP][PASSED] - maximizeWindow(): Current window maximized

2020-05-01 18:18:18 - [MESSAGE][PASSED] - Current window maximized

2020-05-01 18:18:18 - [TEST_STEP][PASSED] - sendKeys(findTestObject("Nazwa użytkownika"), varLogin): Keys 'Iza' sent to object: 'Object Repository/Nazwa użytkownika'

2020-05-01 18:18:19 - [MESSAGE][PASSED] - Keys 'Iza' sent to object: 'Object Repository/Nazwa użytkownika'

2020-05-01 18:18:19 - [TEST_STEP][PASSED] - sendKeys(findTestObject("Hasło"), varPassword): Keys 'iLabunko' sent to object: 'Object Repository/Hasło'

2020-05-01 18:18:19 - [MESSAGE][PASSED] - Keys 'iLabunko' sent to object: 'Object Repository/Hasło'

2020-05-01 18:18:19 - [TEST_STEP][PASSED] - click(findTestObject("Button Login")): Object: 'Object Repository/Button Login' is clicked on

2020-05-01 18:18:20 - [MESSAGE][PASSED] - Object: 'Object Repository/Button Login' is clicked on

2020-05-01 18:18:20 - [TEST_STEP][PASSED] - verifyAlertPresent(0): Alert is present after 30 second(s).

2020-05-01 18:18:20 - [MESSAGE][WARNING] - Timeout '0' is invalid. Using default page load timeout: '30'

2020-05-01 18:18:20 - [MESSAGE][PASSED] - Alert is present after 30 second(s).

2020-05-01 18:18:20 - [TEST_STEP][PASSED] - verifyElementVisible(findTestObject("Text Link Zajestruj konto")): Object 'Object Repository/Text Link Zajestruj konto' is visible

2020-05-01 18:18:21 - [MESSAGE][PASSED] - Object 'Object Repository/Text Link Zajestruj konto' is visible

2020-05-01 18:18:21 - [TEST_STEP][PASSED] - closeBrowser(): Browser is closed

2020-05-01 18:18:23 - [MESSAGE][PASSED] - Browser is closed]]></system-out>
         <system-err><![CDATA[]]></system-err>
      </testcase>
      <testcase name="Test Cases/L-9" time="15.408" classname="Test Cases/L-9" status="PASSED">
         <system-out><![CDATA[2020-05-01 18:18:23 - [TEST_CASE][PASSED] - Test Cases/L-9: Test Cases/L-9

2020-05-01 18:18:23 - [TEST_STEP][PASSED] - openBrowser(""): Browser is opened with url: ''

2020-05-01 18:18:23 - [MESSAGE][INFO] - Starting 'Firefox' driver

2020-05-01 18:18:32 - [MESSAGE][PASSED] - Browser is opened with url: ''

2020-05-01 18:18:32 - [TEST_STEP][PASSED] - navigateToUrl("http://kmg.hcm.pl/testowanie/"): Navigate to 'http://kmg.hcm.pl/testowanie/' successfully

2020-05-01 18:18:34 - [MESSAGE][PASSED] - Navigate to 'http://kmg.hcm.pl/testowanie/' successfully

2020-05-01 18:18:34 - [TEST_STEP][PASSED] - maximizeWindow(): Current window maximized

2020-05-01 18:18:34 - [MESSAGE][PASSED] - Current window maximized

2020-05-01 18:18:34 - [TEST_STEP][PASSED] - sendKeys(findTestObject("Nazwa użytkownika"), varLogin): Keys 'Iza' sent to object: 'Object Repository/Nazwa użytkownika'

2020-05-01 18:18:35 - [MESSAGE][PASSED] - Keys 'Iza' sent to object: 'Object Repository/Nazwa użytkownika'

2020-05-01 18:18:35 - [TEST_STEP][PASSED] - sendKeys(findTestObject("Hasło"), varPassword): Keys 'iLabunko' sent to object: 'Object Repository/Hasło'

2020-05-01 18:18:35 - [MESSAGE][PASSED] - Keys 'iLabunko' sent to object: 'Object Repository/Hasło'

2020-05-01 18:18:35 - [TEST_STEP][PASSED] - click(findTestObject("Button Login")): Object: 'Object Repository/Button Login' is clicked on

2020-05-01 18:18:36 - [MESSAGE][PASSED] - Object: 'Object Repository/Button Login' is clicked on

2020-05-01 18:18:36 - [TEST_STEP][PASSED] - verifyAlertPresent(0): Alert is present after 30 second(s).

2020-05-01 18:18:36 - [MESSAGE][WARNING] - Timeout '0' is invalid. Using default page load timeout: '30'

2020-05-01 18:18:36 - [MESSAGE][PASSED] - Alert is present after 30 second(s).

2020-05-01 18:18:36 - [TEST_STEP][PASSED] - verifyElementVisible(findTestObject("Text Link Zajestruj konto")): Object 'Object Repository/Text Link Zajestruj konto' is visible

2020-05-01 18:18:36 - [MESSAGE][PASSED] - Object 'Object Repository/Text Link Zajestruj konto' is visible

2020-05-01 18:18:36 - [TEST_STEP][PASSED] - closeBrowser(): Browser is closed

2020-05-01 18:18:38 - [MESSAGE][PASSED] - Browser is closed]]></system-out>
         <system-err><![CDATA[]]></system-err>
      </testcase>
      <testcase name="Test Cases/L-9" time="15.267" classname="Test Cases/L-9" status="PASSED">
         <system-out><![CDATA[2020-05-01 18:18:38 - [TEST_CASE][PASSED] - Test Cases/L-9: Test Cases/L-9

2020-05-01 18:18:38 - [TEST_STEP][PASSED] - openBrowser(""): Browser is opened with url: ''

2020-05-01 18:18:38 - [MESSAGE][INFO] - Starting 'Firefox' driver

2020-05-01 18:18:46 - [MESSAGE][PASSED] - Browser is opened with url: ''

2020-05-01 18:18:46 - [TEST_STEP][PASSED] - navigateToUrl("http://kmg.hcm.pl/testowanie/"): Navigate to 'http://kmg.hcm.pl/testowanie/' successfully

2020-05-01 18:18:49 - [MESSAGE][PASSED] - Navigate to 'http://kmg.hcm.pl/testowanie/' successfully

2020-05-01 18:18:49 - [TEST_STEP][PASSED] - maximizeWindow(): Current window maximized

2020-05-01 18:18:49 - [MESSAGE][PASSED] - Current window maximized

2020-05-01 18:18:49 - [TEST_STEP][PASSED] - sendKeys(findTestObject("Nazwa użytkownika"), varLogin): Keys 'Iza' sent to object: 'Object Repository/Nazwa użytkownika'

2020-05-01 18:18:50 - [MESSAGE][PASSED] - Keys 'Iza' sent to object: 'Object Repository/Nazwa użytkownika'

2020-05-01 18:18:50 - [TEST_STEP][PASSED] - sendKeys(findTestObject("Hasło"), varPassword): Keys 'gruszka' sent to object: 'Object Repository/Hasło'

2020-05-01 18:18:50 - [MESSAGE][PASSED] - Keys 'gruszka' sent to object: 'Object Repository/Hasło'

2020-05-01 18:18:50 - [TEST_STEP][PASSED] - click(findTestObject("Button Login")): Object: 'Object Repository/Button Login' is clicked on

2020-05-01 18:18:51 - [MESSAGE][PASSED] - Object: 'Object Repository/Button Login' is clicked on

2020-05-01 18:18:51 - [TEST_STEP][PASSED] - verifyAlertPresent(0): Alert is present after 30 second(s).

2020-05-01 18:18:51 - [MESSAGE][WARNING] - Timeout '0' is invalid. Using default page load timeout: '30'

2020-05-01 18:18:51 - [MESSAGE][PASSED] - Alert is present after 30 second(s).

2020-05-01 18:18:51 - [TEST_STEP][PASSED] - verifyElementVisible(findTestObject("Text Link Zajestruj konto")): Object 'Object Repository/Text Link Zajestruj konto' is visible

2020-05-01 18:18:51 - [MESSAGE][PASSED] - Object 'Object Repository/Text Link Zajestruj konto' is visible

2020-05-01 18:18:51 - [TEST_STEP][PASSED] - closeBrowser(): Browser is closed

2020-05-01 18:18:54 - [MESSAGE][PASSED] - Browser is closed]]></system-out>
         <system-err><![CDATA[]]></system-err>
      </testcase>
      <testcase name="Test Cases/L-9" time="14.235" classname="Test Cases/L-9" status="PASSED">
         <system-out><![CDATA[2020-05-01 18:18:54 - [TEST_CASE][PASSED] - Test Cases/L-9: Test Cases/L-9

2020-05-01 18:18:54 - [TEST_STEP][PASSED] - openBrowser(""): Browser is opened with url: ''

2020-05-01 18:18:54 - [MESSAGE][INFO] - Starting 'Firefox' driver

2020-05-01 18:19:01 - [MESSAGE][PASSED] - Browser is opened with url: ''

2020-05-01 18:19:01 - [TEST_STEP][PASSED] - navigateToUrl("http://kmg.hcm.pl/testowanie/"): Navigate to 'http://kmg.hcm.pl/testowanie/' successfully

2020-05-01 18:19:04 - [MESSAGE][PASSED] - Navigate to 'http://kmg.hcm.pl/testowanie/' successfully

2020-05-01 18:19:04 - [TEST_STEP][PASSED] - maximizeWindow(): Current window maximized

2020-05-01 18:19:04 - [MESSAGE][PASSED] - Current window maximized

2020-05-01 18:19:04 - [TEST_STEP][PASSED] - sendKeys(findTestObject("Nazwa użytkownika"), varLogin): Keys 'Iza' sent to object: 'Object Repository/Nazwa użytkownika'

2020-05-01 18:19:04 - [MESSAGE][PASSED] - Keys 'Iza' sent to object: 'Object Repository/Nazwa użytkownika'

2020-05-01 18:19:04 - [TEST_STEP][PASSED] - sendKeys(findTestObject("Hasło"), varPassword): Keys 'pietruszka11111' sent to object: 'Object Repository/Hasło'

2020-05-01 18:19:05 - [MESSAGE][PASSED] - Keys 'pietruszka11111' sent to object: 'Object Repository/Hasło'

2020-05-01 18:19:05 - [TEST_STEP][PASSED] - click(findTestObject("Button Login")): Object: 'Object Repository/Button Login' is clicked on

2020-05-01 18:19:05 - [MESSAGE][PASSED] - Object: 'Object Repository/Button Login' is clicked on

2020-05-01 18:19:05 - [TEST_STEP][PASSED] - verifyAlertPresent(0): Alert is present after 30 second(s).

2020-05-01 18:19:05 - [MESSAGE][WARNING] - Timeout '0' is invalid. Using default page load timeout: '30'

2020-05-01 18:19:05 - [MESSAGE][PASSED] - Alert is present after 30 second(s).

2020-05-01 18:19:05 - [TEST_STEP][PASSED] - verifyElementVisible(findTestObject("Text Link Zajestruj konto")): Object 'Object Repository/Text Link Zajestruj konto' is visible

2020-05-01 18:19:06 - [MESSAGE][PASSED] - Object 'Object Repository/Text Link Zajestruj konto' is visible

2020-05-01 18:19:06 - [TEST_STEP][PASSED] - closeBrowser(): Browser is closed

2020-05-01 18:19:08 - [MESSAGE][PASSED] - Browser is closed]]></system-out>
         <system-err><![CDATA[]]></system-err>
      </testcase>
      <testcase name="Test Cases/L-9" time="15.143" classname="Test Cases/L-9" status="PASSED">
         <system-out><![CDATA[2020-05-01 18:19:08 - [TEST_CASE][PASSED] - Test Cases/L-9: Test Cases/L-9

2020-05-01 18:19:08 - [TEST_STEP][PASSED] - openBrowser(""): Browser is opened with url: ''

2020-05-01 18:19:08 - [MESSAGE][INFO] - Starting 'Firefox' driver

2020-05-01 18:19:16 - [MESSAGE][PASSED] - Browser is opened with url: ''

2020-05-01 18:19:16 - [TEST_STEP][PASSED] - navigateToUrl("http://kmg.hcm.pl/testowanie/"): Navigate to 'http://kmg.hcm.pl/testowanie/' successfully

2020-05-01 18:19:18 - [MESSAGE][PASSED] - Navigate to 'http://kmg.hcm.pl/testowanie/' successfully

2020-05-01 18:19:18 - [TEST_STEP][PASSED] - maximizeWindow(): Current window maximized

2020-05-01 18:19:18 - [MESSAGE][PASSED] - Current window maximized

2020-05-01 18:19:18 - [TEST_STEP][PASSED] - sendKeys(findTestObject("Nazwa użytkownika"), varLogin): Keys 'Iza' sent to object: 'Object Repository/Nazwa użytkownika'

2020-05-01 18:19:20 - [MESSAGE][PASSED] - Keys 'Iza' sent to object: 'Object Repository/Nazwa użytkownika'

2020-05-01 18:19:20 - [TEST_STEP][PASSED] - sendKeys(findTestObject("Hasło"), varPassword): Keys 'oco123' sent to object: 'Object Repository/Hasło'

2020-05-01 18:19:20 - [MESSAGE][PASSED] - Keys 'oco123' sent to object: 'Object Repository/Hasło'

2020-05-01 18:19:20 - [TEST_STEP][PASSED] - click(findTestObject("Button Login")): Object: 'Object Repository/Button Login' is clicked on

2020-05-01 18:19:21 - [MESSAGE][PASSED] - Object: 'Object Repository/Button Login' is clicked on

2020-05-01 18:19:21 - [TEST_STEP][PASSED] - verifyAlertPresent(0): Alert is present after 30 second(s).

2020-05-01 18:19:21 - [MESSAGE][WARNING] - Timeout '0' is invalid. Using default page load timeout: '30'

2020-05-01 18:19:21 - [MESSAGE][PASSED] - Alert is present after 30 second(s).

2020-05-01 18:19:21 - [TEST_STEP][PASSED] - verifyElementVisible(findTestObject("Text Link Zajestruj konto")): Object 'Object Repository/Text Link Zajestruj konto' is visible

2020-05-01 18:19:21 - [MESSAGE][PASSED] - Object 'Object Repository/Text Link Zajestruj konto' is visible

2020-05-01 18:19:21 - [TEST_STEP][PASSED] - closeBrowser(): Browser is closed

2020-05-01 18:19:23 - [MESSAGE][PASSED] - Browser is closed]]></system-out>
         <system-err><![CDATA[]]></system-err>
      </testcase>
      <testcase name="Test Cases/L-9" time="15.019" classname="Test Cases/L-9" status="PASSED">
         <system-out><![CDATA[2020-05-01 18:19:23 - [TEST_CASE][PASSED] - Test Cases/L-9: Test Cases/L-9

2020-05-01 18:19:23 - [TEST_STEP][PASSED] - openBrowser(""): Browser is opened with url: ''

2020-05-01 18:19:23 - [MESSAGE][INFO] - Starting 'Firefox' driver

2020-05-01 18:19:31 - [MESSAGE][PASSED] - Browser is opened with url: ''

2020-05-01 18:19:31 - [TEST_STEP][PASSED] - navigateToUrl("http://kmg.hcm.pl/testowanie/"): Navigate to 'http://kmg.hcm.pl/testowanie/' successfully

2020-05-01 18:19:33 - [MESSAGE][PASSED] - Navigate to 'http://kmg.hcm.pl/testowanie/' successfully

2020-05-01 18:19:33 - [TEST_STEP][PASSED] - maximizeWindow(): Current window maximized

2020-05-01 18:19:33 - [MESSAGE][PASSED] - Current window maximized

2020-05-01 18:19:33 - [TEST_STEP][PASSED] - sendKeys(findTestObject("Nazwa użytkownika"), varLogin): Keys 'Iza' sent to object: 'Object Repository/Nazwa użytkownika'

2020-05-01 18:19:34 - [MESSAGE][PASSED] - Keys 'Iza' sent to object: 'Object Repository/Nazwa użytkownika'

2020-05-01 18:19:34 - [TEST_STEP][PASSED] - sendKeys(findTestObject("Hasło"), varPassword): Keys 'glajda0909' sent to object: 'Object Repository/Hasło'

2020-05-01 18:19:34 - [MESSAGE][PASSED] - Keys 'glajda0909' sent to object: 'Object Repository/Hasło'

2020-05-01 18:19:34 - [TEST_STEP][PASSED] - click(findTestObject("Button Login")): Object: 'Object Repository/Button Login' is clicked on

2020-05-01 18:19:35 - [MESSAGE][PASSED] - Object: 'Object Repository/Button Login' is clicked on

2020-05-01 18:19:35 - [TEST_STEP][PASSED] - verifyAlertPresent(0): Alert is present after 30 second(s).

2020-05-01 18:19:35 - [MESSAGE][WARNING] - Timeout '0' is invalid. Using default page load timeout: '30'

2020-05-01 18:19:35 - [MESSAGE][PASSED] - Alert is present after 30 second(s).

2020-05-01 18:19:35 - [TEST_STEP][PASSED] - verifyElementVisible(findTestObject("Text Link Zajestruj konto")): Object 'Object Repository/Text Link Zajestruj konto' is visible

2020-05-01 18:19:35 - [MESSAGE][PASSED] - Object 'Object Repository/Text Link Zajestruj konto' is visible

2020-05-01 18:19:35 - [TEST_STEP][PASSED] - closeBrowser(): Browser is closed

2020-05-01 18:19:38 - [MESSAGE][PASSED] - Browser is closed]]></system-out>
         <system-err><![CDATA[]]></system-err>
      </testcase>
      <testcase name="Test Cases/L-9" time="16.143" classname="Test Cases/L-9" status="PASSED">
         <system-out><![CDATA[2020-05-01 18:19:38 - [TEST_CASE][PASSED] - Test Cases/L-9: Test Cases/L-9

2020-05-01 18:19:38 - [TEST_STEP][PASSED] - openBrowser(""): Browser is opened with url: ''

2020-05-01 18:19:38 - [MESSAGE][INFO] - Starting 'Firefox' driver

2020-05-01 18:19:48 - [MESSAGE][PASSED] - Browser is opened with url: ''

2020-05-01 18:19:48 - [TEST_STEP][PASSED] - navigateToUrl("http://kmg.hcm.pl/testowanie/"): Navigate to 'http://kmg.hcm.pl/testowanie/' successfully

2020-05-01 18:19:50 - [MESSAGE][PASSED] - Navigate to 'http://kmg.hcm.pl/testowanie/' successfully

2020-05-01 18:19:50 - [TEST_STEP][PASSED] - maximizeWindow(): Current window maximized

2020-05-01 18:19:50 - [MESSAGE][PASSED] - Current window maximized

2020-05-01 18:19:50 - [TEST_STEP][PASSED] - sendKeys(findTestObject("Nazwa użytkownika"), varLogin): Keys 'Iza' sent to object: 'Object Repository/Nazwa użytkownika'

2020-05-01 18:19:51 - [MESSAGE][PASSED] - Keys 'Iza' sent to object: 'Object Repository/Nazwa użytkownika'

2020-05-01 18:19:51 - [TEST_STEP][PASSED] - sendKeys(findTestObject("Hasło"), varPassword): Keys 'czekolada@#' sent to object: 'Object Repository/Hasło'

2020-05-01 18:19:51 - [MESSAGE][PASSED] - Keys 'czekolada@#' sent to object: 'Object Repository/Hasło'

2020-05-01 18:19:51 - [TEST_STEP][PASSED] - click(findTestObject("Button Login")): Object: 'Object Repository/Button Login' is clicked on

2020-05-01 18:19:52 - [MESSAGE][PASSED] - Object: 'Object Repository/Button Login' is clicked on

2020-05-01 18:19:52 - [TEST_STEP][PASSED] - verifyAlertPresent(0): Alert is present after 30 second(s).

2020-05-01 18:19:52 - [MESSAGE][WARNING] - Timeout '0' is invalid. Using default page load timeout: '30'

2020-05-01 18:19:52 - [MESSAGE][PASSED] - Alert is present after 30 second(s).

2020-05-01 18:19:52 - [TEST_STEP][PASSED] - verifyElementVisible(findTestObject("Text Link Zajestruj konto")): Object 'Object Repository/Text Link Zajestruj konto' is visible

2020-05-01 18:19:52 - [MESSAGE][PASSED] - Object 'Object Repository/Text Link Zajestruj konto' is visible

2020-05-01 18:19:52 - [TEST_STEP][PASSED] - closeBrowser(): Browser is closed

2020-05-01 18:19:54 - [MESSAGE][PASSED] - Browser is closed]]></system-out>
         <system-err><![CDATA[]]></system-err>
      </testcase>
      <testcase name="Test Cases/L-9" time="16.082" classname="Test Cases/L-9" status="PASSED">
         <system-out><![CDATA[2020-05-01 18:19:54 - [TEST_CASE][PASSED] - Test Cases/L-9: Test Cases/L-9

2020-05-01 18:19:54 - [TEST_STEP][PASSED] - openBrowser(""): Browser is opened with url: ''

2020-05-01 18:19:54 - [MESSAGE][INFO] - Starting 'Firefox' driver

2020-05-01 18:20:02 - [MESSAGE][PASSED] - Browser is opened with url: ''

2020-05-01 18:20:03 - [TEST_STEP][PASSED] - navigateToUrl("http://kmg.hcm.pl/testowanie/"): Navigate to 'http://kmg.hcm.pl/testowanie/' successfully

2020-05-01 18:20:06 - [MESSAGE][PASSED] - Navigate to 'http://kmg.hcm.pl/testowanie/' successfully

2020-05-01 18:20:06 - [TEST_STEP][PASSED] - maximizeWindow(): Current window maximized

2020-05-01 18:20:06 - [MESSAGE][PASSED] - Current window maximized

2020-05-01 18:20:06 - [TEST_STEP][PASSED] - sendKeys(findTestObject("Nazwa użytkownika"), varLogin): Keys 'Iza' sent to object: 'Object Repository/Nazwa użytkownika'

2020-05-01 18:20:07 - [MESSAGE][PASSED] - Keys 'Iza' sent to object: 'Object Repository/Nazwa użytkownika'

2020-05-01 18:20:07 - [TEST_STEP][PASSED] - sendKeys(findTestObject("Hasło"), varPassword): Keys '[a-zA-Z]' sent to object: 'Object Repository/Hasło'

2020-05-01 18:20:07 - [MESSAGE][PASSED] - Keys '[a-zA-Z]' sent to object: 'Object Repository/Hasło'

2020-05-01 18:20:07 - [TEST_STEP][PASSED] - click(findTestObject("Button Login")): Object: 'Object Repository/Button Login' is clicked on

2020-05-01 18:20:08 - [MESSAGE][PASSED] - Object: 'Object Repository/Button Login' is clicked on

2020-05-01 18:20:08 - [TEST_STEP][PASSED] - verifyAlertPresent(0): Alert is present after 30 second(s).

2020-05-01 18:20:08 - [MESSAGE][WARNING] - Timeout '0' is invalid. Using default page load timeout: '30'

2020-05-01 18:20:08 - [MESSAGE][PASSED] - Alert is present after 30 second(s).

2020-05-01 18:20:08 - [TEST_STEP][PASSED] - verifyElementVisible(findTestObject("Text Link Zajestruj konto")): Object 'Object Repository/Text Link Zajestruj konto' is visible

2020-05-01 18:20:08 - [MESSAGE][PASSED] - Object 'Object Repository/Text Link Zajestruj konto' is visible

2020-05-01 18:20:08 - [TEST_STEP][PASSED] - closeBrowser(): Browser is closed

2020-05-01 18:20:10 - [MESSAGE][PASSED] - Browser is closed]]></system-out>
         <system-err><![CDATA[]]></system-err>
      </testcase>
      <testcase name="Test Cases/L-9" time="13.993" classname="Test Cases/L-9" status="PASSED">
         <system-out><![CDATA[2020-05-01 18:20:10 - [TEST_CASE][PASSED] - Test Cases/L-9: Test Cases/L-9

2020-05-01 18:20:11 - [TEST_STEP][PASSED] - openBrowser(""): Browser is opened with url: ''

2020-05-01 18:20:11 - [MESSAGE][INFO] - Starting 'Firefox' driver

2020-05-01 18:20:18 - [MESSAGE][PASSED] - Browser is opened with url: ''

2020-05-01 18:20:18 - [TEST_STEP][PASSED] - navigateToUrl("http://kmg.hcm.pl/testowanie/"): Navigate to 'http://kmg.hcm.pl/testowanie/' successfully

2020-05-01 18:20:20 - [MESSAGE][PASSED] - Navigate to 'http://kmg.hcm.pl/testowanie/' successfully

2020-05-01 18:20:20 - [TEST_STEP][PASSED] - maximizeWindow(): Current window maximized

2020-05-01 18:20:20 - [MESSAGE][PASSED] - Current window maximized

2020-05-01 18:20:20 - [TEST_STEP][PASSED] - sendKeys(findTestObject("Nazwa użytkownika"), varLogin): Keys 'Iza' sent to object: 'Object Repository/Nazwa użytkownika'

2020-05-01 18:20:21 - [MESSAGE][PASSED] - Keys 'Iza' sent to object: 'Object Repository/Nazwa użytkownika'

2020-05-01 18:20:21 - [TEST_STEP][PASSED] - sendKeys(findTestObject("Hasło"), varPassword): Keys '123456' sent to object: 'Object Repository/Hasło'

2020-05-01 18:20:21 - [MESSAGE][PASSED] - Keys '123456' sent to object: 'Object Repository/Hasło'

2020-05-01 18:20:21 - [TEST_STEP][PASSED] - click(findTestObject("Button Login")): Object: 'Object Repository/Button Login' is clicked on

2020-05-01 18:20:22 - [MESSAGE][PASSED] - Object: 'Object Repository/Button Login' is clicked on

2020-05-01 18:20:22 - [TEST_STEP][PASSED] - verifyAlertPresent(0): Alert is present after 30 second(s).

2020-05-01 18:20:22 - [MESSAGE][WARNING] - Timeout '0' is invalid. Using default page load timeout: '30'

2020-05-01 18:20:22 - [MESSAGE][PASSED] - Alert is present after 30 second(s).

2020-05-01 18:20:22 - [TEST_STEP][PASSED] - verifyElementVisible(findTestObject("Text Link Zajestruj konto")): Object 'Object Repository/Text Link Zajestruj konto' is visible

2020-05-01 18:20:22 - [MESSAGE][PASSED] - Object 'Object Repository/Text Link Zajestruj konto' is visible

2020-05-01 18:20:22 - [TEST_STEP][PASSED] - closeBrowser(): Browser is closed

2020-05-01 18:20:24 - [MESSAGE][PASSED] - Browser is closed]]></system-out>
         <system-err><![CDATA[]]></system-err>
      </testcase>
      <system-out><![CDATA[2020-05-01 18:17:57 - [TEST_SUITE][PASSED] - Logowanie: Test Cases/L-9]]></system-out>
      <system-err><![CDATA[]]></system-err>
   </testsuite>
</testsuites>
