<?xml version="1.0" encoding="UTF-8"?>
<testsuites name="Logowanie" time="1.128" tests="1" failures="0" errors="0">
   <testsuite name="Logowanie" tests="1" failures="0" errors="0" time="1.128" timestamp="2020-05-02 00:42:17" hostname="Cassiz - 192.168.1.160" id="Test Suites/Logowanie">
      <properties>
         <property name="deviceName" value=""/>
         <property name="devicePlatform" value=""/>
         <property name="logFolder" value="C:\\Users\\Cassiz\\git\\PSTOWebkomunikator_Logowanie\\Reports\\20200502_004212\\Logowanie\\20200502_004212"/>
         <property name="logFiles" value="C:\\Users\\Cassiz\\git\\PSTOWebkomunikator_Logowanie\\Reports\\20200502_004212\\Logowanie\\20200502_004212\\execution0.log"/>
         <property name="attachments" value=""/>
         <property name="hostName" value="Cassiz - 192.168.1.160"/>
         <property name="hostAddress" value="192.168.1.160"/>
         <property name="os" value="Windows 10 64bit"/>
         <property name="katalonVersion" value="7.2.1.1"/>
      </properties>
      <testcase name="Test Cases/L-10" time="0.065" classname="Test Cases/L-10" status="PASSED">
         <system-out><![CDATA[2020-05-02 00:42:19 - [TEST_CASE][PASSED] - Test Cases/L-10: null]]></system-out>
         <system-err><![CDATA[]]></system-err>
      </testcase>
      <system-out><![CDATA[2020-05-02 00:42:17 - [TEST_SUITE][INCOMPLETE] - Logowanie: null]]></system-out>
      <system-err><![CDATA[2020-05-02 00:42:17 - [TEST_SUITE][INCOMPLETE] - Logowanie: null]]></system-err>
   </testsuite>
</testsuites>
