<?xml version="1.0" encoding="UTF-8"?>
<testsuites name="Logowanie" time="1.135" tests="1" failures="0" errors="0">
   <testsuite name="Logowanie" tests="1" failures="0" errors="0" time="1.135" timestamp="2020-05-01 21:37:52" hostname="Cassiz - LAPTOP-HT1PRHJP" id="Test Suites/Logowanie">
      <properties>
         <property name="deviceName" value=""/>
         <property name="devicePlatform" value=""/>
         <property name="logFolder" value="C:\\Users\\Cassiz\\git\\PSTOWebkomunikator_Logowanie\\Reports\\20200501_213741\\Logowanie\\20200501_213741"/>
         <property name="logFiles" value="C:\\Users\\Cassiz\\git\\PSTOWebkomunikator_Logowanie\\Reports\\20200501_213741\\Logowanie\\20200501_213741\\execution0.log"/>
         <property name="attachments" value=""/>
         <property name="hostName" value="Cassiz - LAPTOP-HT1PRHJP"/>
         <property name="hostAddress" value="192.168.0.160"/>
         <property name="os" value="Windows 10 64bit"/>
         <property name="katalonVersion" value="7.2.1.1"/>
      </properties>
      <testcase name="Test Cases/L-9" time="0.056" classname="Test Cases/L-9" status="PASSED">
         <system-out><![CDATA[2020-05-01 21:37:53 - [TEST_CASE][PASSED] - Test Cases/L-9: null]]></system-out>
         <system-err><![CDATA[]]></system-err>
      </testcase>
      <system-out><![CDATA[2020-05-01 21:37:52 - [TEST_SUITE][INCOMPLETE] - Logowanie: null]]></system-out>
      <system-err><![CDATA[2020-05-01 21:37:52 - [TEST_SUITE][INCOMPLETE] - Logowanie: null]]></system-err>
   </testsuite>
</testsuites>
